0 info it worked if it ends with ok
1 verbose cli [ '/usr/local/Cellar/node/4.2.1/bin/node',
1 verbose cli   '/usr/local/bin/npm',
1 verbose cli   'update',
1 verbose cli   '-g',
1 verbose cli   'bower' ]
2 info using npm@2.14.7
3 info using node@v4.2.1
4 silly mapToRegistry name bower
5 silly mapToRegistry using default registry
6 silly mapToRegistry registry https://registry.npmjs.org/
7 silly mapToRegistry uri https://registry.npmjs.org/bower
8 verbose request uri https://registry.npmjs.org/bower
9 verbose request no auth needed
10 info attempt registry request try #1 at 2:24:28 PM
11 verbose request id c6fee1d503427e45
12 verbose etag "1QUOVXLXH1KADBJ3BS6YZDB1L"
13 http request GET https://registry.npmjs.org/bower
14 http 200 https://registry.npmjs.org/bower
15 verbose headers { server: 'CouchDB/1.5.0 (Erlang OTP/R16B03)',
15 verbose headers   etag: '"4LRPOEEPWV1W6P2OJA3LDR3BH"',
15 verbose headers   'content-type': 'application/json',
15 verbose headers   'cache-control': 'max-age=300',
15 verbose headers   'content-length': '168918',
15 verbose headers   'accept-ranges': 'bytes',
15 verbose headers   date: 'Wed, 10 Feb 2016 22:24:28 GMT',
15 verbose headers   via: '1.1 varnish',
15 verbose headers   age: '198',
15 verbose headers   connection: 'keep-alive',
15 verbose headers   'x-served-by': 'cache-lax1433-LAX',
15 verbose headers   'x-cache': 'HIT',
15 verbose headers   'x-cache-hits': '6',
15 verbose headers   'x-timer': 'S1455143068.877662,VS0,VE0',
15 verbose headers   vary: 'Accept' }
16 silly get cb [ 200,
16 silly get   { server: 'CouchDB/1.5.0 (Erlang OTP/R16B03)',
16 silly get     etag: '"4LRPOEEPWV1W6P2OJA3LDR3BH"',
16 silly get     'content-type': 'application/json',
16 silly get     'cache-control': 'max-age=300',
16 silly get     'content-length': '168918',
16 silly get     'accept-ranges': 'bytes',
16 silly get     date: 'Wed, 10 Feb 2016 22:24:28 GMT',
16 silly get     via: '1.1 varnish',
16 silly get     age: '198',
16 silly get     connection: 'keep-alive',
16 silly get     'x-served-by': 'cache-lax1433-LAX',
16 silly get     'x-cache': 'HIT',
16 silly get     'x-cache-hits': '6',
16 silly get     'x-timer': 'S1455143068.877662,VS0,VE0',
16 silly get     vary: 'Accept' } ]
17 verbose get saving bower to /Users/dpopes/.npm/registry.npmjs.org/bower/.cache.json
18 info outdated updating [ [ '/usr/local/lib', 'bower', '1.4.0', '1.7.7', '1.7.7', 'latest' ] ]
19 verbose install where, what [ '/usr/local/lib', [ 'bower@1.7.7' ] ]
20 verbose install initial load of /usr/local/lib/package.json
21 verbose readDependencies loading dependencies from /usr/local/lib/package.json
22 silly cache add args [ 'bower@1.7.7', null ]
23 verbose cache add spec bower@1.7.7
24 silly cache add parsed spec Result {
24 silly cache add   raw: 'bower@1.7.7',
24 silly cache add   scope: null,
24 silly cache add   name: 'bower',
24 silly cache add   rawSpec: '1.7.7',
24 silly cache add   spec: '1.7.7',
24 silly cache add   type: 'version' }
25 silly addNamed bower@1.7.7
26 verbose addNamed "1.7.7" is a plain semver version for bower
27 silly mapToRegistry name bower
28 silly mapToRegistry using default registry
29 silly mapToRegistry registry https://registry.npmjs.org/
30 silly mapToRegistry uri https://registry.npmjs.org/bower
31 verbose addNameVersion registry:https://registry.npmjs.org/bower not in flight; fetching
32 verbose get https://registry.npmjs.org/bower not expired, no request
33 silly mapToRegistry name bower
34 silly mapToRegistry using default registry
35 silly mapToRegistry registry https://registry.npmjs.org/
36 silly mapToRegistry uri https://registry.npmjs.org/bower
37 verbose addRemoteTarball https://registry.npmjs.org/bower/-/bower-1.7.7.tgz not in flight; adding
38 verbose addRemoteTarball [ 'https://registry.npmjs.org/bower/-/bower-1.7.7.tgz',
38 verbose addRemoteTarball   '2fd7ff3ebdcba5a8ffcd84c397c8fdfe9f825f92' ]
39 info retry fetch attempt 1 at 2:24:29 PM
40 info attempt registry request try #1 at 2:24:29 PM
41 http fetch GET https://registry.npmjs.org/bower/-/bower-1.7.7.tgz
42 http fetch 200 https://registry.npmjs.org/bower/-/bower-1.7.7.tgz
43 silly fetchAndShaCheck shasum 2fd7ff3ebdcba5a8ffcd84c397c8fdfe9f825f92
44 verbose addTmpTarball /var/folders/hf/bh299byx7g596pw390zf4zm41sf095/T/npm-1591-25510d58/registry.npmjs.org/bower/-/bower-1.7.7.tgz not in flight; adding
45 verbose addTmpTarball already have metadata; skipping unpack for bower@1.7.7
46 silly cache afterAdd bower@1.7.7
47 verbose afterAdd /Users/dpopes/.npm/bower/1.7.7/package/package.json not in flight; writing
48 verbose afterAdd /Users/dpopes/.npm/bower/1.7.7/package/package.json written
49 silly install resolved [ { name: 'bower',
49 silly install resolved     version: '1.7.7',
49 silly install resolved     description: 'The browser package manager',
49 silly install resolved     author: { name: 'Twitter' },
49 silly install resolved     license: 'MIT',
49 silly install resolved     repository: { type: 'git', url: 'git+https://github.com/bower/bower.git' },
49 silly install resolved     main: 'lib',
49 silly install resolved     bin: { bower: 'bin/bower' },
49 silly install resolved     homepage: 'http://bower.io',
49 silly install resolved     engines: { node: '>=0.10.0' },
49 silly install resolved     keywords: [ 'bower' ],
49 silly install resolved     files: [ 'bin', 'lib' ],
49 silly install resolved     bugs: { url: 'https://github.com/bower/bower/issues' },
49 silly install resolved     _id: 'bower@1.7.7',
49 silly install resolved     scripts: {},
49 silly install resolved     _shasum: '2fd7ff3ebdcba5a8ffcd84c397c8fdfe9f825f92',
49 silly install resolved     _from: 'bower@1.7.7',
49 silly install resolved     _npmVersion: '3.5.3',
49 silly install resolved     _nodeVersion: '4.1.1',
49 silly install resolved     _npmUser: { name: 'sheerun', email: 'sheerun@sher.pl' },
49 silly install resolved     dist:
49 silly install resolved      { shasum: '2fd7ff3ebdcba5a8ffcd84c397c8fdfe9f825f92',
49 silly install resolved        tarball: 'http://registry.npmjs.org/bower/-/bower-1.7.7.tgz' },
49 silly install resolved     maintainers:
49 silly install resolved      [ [Object],
49 silly install resolved        [Object],
49 silly install resolved        [Object],
49 silly install resolved        [Object],
49 silly install resolved        [Object],
49 silly install resolved        [Object],
49 silly install resolved        [Object] ],
49 silly install resolved     directories: {},
49 silly install resolved     _resolved: 'https://registry.npmjs.org/bower/-/bower-1.7.7.tgz' } ]
50 info install bower@1.7.7 into /usr/local/lib
51 info installOne bower@1.7.7
52 verbose installOne of bower to /usr/local/lib not in flight; installing
53 verbose lock using /Users/dpopes/.npm/_locks/bower-e8debc5417026b57.lock for /usr/local/lib/node_modules/bower
54 silly install write writing bower 1.7.7 to /usr/local/lib/node_modules/bower
55 verbose unbuild lib/node_modules/bower
56 info preuninstall bower@1.4.0
57 info uninstall bower@1.4.0
58 verbose unbuild rmStuff bower@1.4.0 from /usr/local/lib/node_modules
59 silly gentlyRm /usr/local/bin/bower is being gently removed
60 silly gentlyRm verifying /usr/local is an npm working directory
61 silly gentlyRm containing path /usr/local is under npm's control, in /usr/local
62 silly gentlyRm deletion target /usr/local/bin/bower is under /usr/local
63 verbose gentlyRm vacuuming from /usr/local/bin/bower up to /usr/local
64 silly vacuum-fs removing /usr/local/bin/bower
65 verbose unlock done using /Users/dpopes/.npm/_locks/bower-e8debc5417026b57.lock for /usr/local/lib/node_modules/bower
66 verbose stack Error: EACCES: permission denied, unlink '/usr/local/bin/bower'
66 verbose stack     at Error (native)
67 verbose cwd /Applications/MAMP/htdocs/Bench/Grids/combination/griddle
68 error Darwin 13.4.0
69 error argv "/usr/local/Cellar/node/4.2.1/bin/node" "/usr/local/bin/npm" "update" "-g" "bower"
70 error node v4.2.1
71 error npm  v2.14.7
72 error path /usr/local/bin/bower
73 error code EACCES
74 error errno -13
75 error syscall unlink
76 error Error: EACCES: permission denied, unlink '/usr/local/bin/bower'
76 error     at Error (native)
76 error  { [Error: EACCES: permission denied, unlink '/usr/local/bin/bower']
76 error   errno: -13,
76 error   code: 'EACCES',
76 error   syscall: 'unlink',
76 error   path: '/usr/local/bin/bower' }
77 error Please try running this command again as root/Administrator.
78 verbose exit [ -13, true ]
79 verbose unbuild lib/node_modules/bower
80 info preuninstall bower@1.4.0
81 info uninstall bower@1.4.0
82 verbose unbuild rmStuff bower@1.4.0 from /usr/local/lib/node_modules
83 silly gentlyRm /usr/local/bin/bower is being gently removed
84 silly gentlyRm verifying /usr/local is an npm working directory
85 silly gentlyRm containing path /usr/local is under npm's control, in /usr/local
86 silly gentlyRm deletion target /usr/local/bin/bower is under /usr/local
87 verbose gentlyRm vacuuming from /usr/local/bin/bower up to /usr/local
88 silly vacuum-fs removing /usr/local/bin/bower
89 error error rolling back Error: EACCES: permission denied, unlink '/usr/local/bin/bower'
89 error error rolling back     at Error (native)
89 error error rolling back  { [Error: EACCES: permission denied, unlink '/usr/local/bin/bower']
89 error error rolling back   errno: -13,
89 error error rolling back   code: 'EACCES',
89 error error rolling back   syscall: 'unlink',
89 error error rolling back   path: '/usr/local/bin/bower' }
