0 info it worked if it ends with ok
1 verbose cli [ '/usr/local/Cellar/node/4.2.1/bin/node',
1 verbose cli   '/usr/local/bin/npm',
1 verbose cli   'update',
1 verbose cli   '-g',
1 verbose cli   'bower' ]
2 info using npm@2.14.7
3 info using node@v4.2.1
4 silly mapToRegistry name bower
5 silly mapToRegistry using default registry
6 silly mapToRegistry registry https://registry.npmjs.org/
7 silly mapToRegistry uri https://registry.npmjs.org/bower
8 verbose request uri https://registry.npmjs.org/bower
9 verbose request no auth needed
10 info attempt registry request try #1 at 2:55:22 PM
11 verbose request id ff3b0af63de580e4
12 verbose etag "4LRPOEEPWV1W6P2OJA3LDR3BH"
13 http request GET https://registry.npmjs.org/bower
14 http 304 https://registry.npmjs.org/bower
15 verbose headers { date: 'Wed, 10 Feb 2016 22:55:22 GMT',
15 verbose headers   via: '1.1 varnish',
15 verbose headers   'cache-control': 'max-age=300',
15 verbose headers   etag: '"4LRPOEEPWV1W6P2OJA3LDR3BH"',
15 verbose headers   age: '237',
15 verbose headers   connection: 'keep-alive',
15 verbose headers   'x-served-by': 'cache-sjc3123-SJC',
15 verbose headers   'x-cache': 'HIT',
15 verbose headers   'x-cache-hits': '4',
15 verbose headers   'x-timer': 'S1455144922.455327,VS0,VE0',
15 verbose headers   vary: 'Accept' }
16 silly get cb [ 304,
16 silly get   { date: 'Wed, 10 Feb 2016 22:55:22 GMT',
16 silly get     via: '1.1 varnish',
16 silly get     'cache-control': 'max-age=300',
16 silly get     etag: '"4LRPOEEPWV1W6P2OJA3LDR3BH"',
16 silly get     age: '237',
16 silly get     connection: 'keep-alive',
16 silly get     'x-served-by': 'cache-sjc3123-SJC',
16 silly get     'x-cache': 'HIT',
16 silly get     'x-cache-hits': '4',
16 silly get     'x-timer': 'S1455144922.455327,VS0,VE0',
16 silly get     vary: 'Accept' } ]
17 verbose etag https://registry.npmjs.org/bower from cache
18 verbose get saving bower to /Users/dpopes/.npm/registry.npmjs.org/bower/.cache.json
19 info outdated updating [ [ '/usr/local/lib', 'bower', '1.4.0', '1.7.7', '1.7.7', 'latest' ] ]
20 verbose install where, what [ '/usr/local/lib', [ 'bower@1.7.7' ] ]
21 verbose install initial load of /usr/local/lib/package.json
22 verbose readDependencies loading dependencies from /usr/local/lib/package.json
23 silly cache add args [ 'bower@1.7.7', null ]
24 verbose cache add spec bower@1.7.7
25 silly cache add parsed spec Result {
25 silly cache add   raw: 'bower@1.7.7',
25 silly cache add   scope: null,
25 silly cache add   name: 'bower',
25 silly cache add   rawSpec: '1.7.7',
25 silly cache add   spec: '1.7.7',
25 silly cache add   type: 'version' }
26 silly addNamed bower@1.7.7
27 verbose addNamed "1.7.7" is a plain semver version for bower
28 silly mapToRegistry name bower
29 silly mapToRegistry using default registry
30 silly mapToRegistry registry https://registry.npmjs.org/
31 silly mapToRegistry uri https://registry.npmjs.org/bower
32 verbose addNameVersion registry:https://registry.npmjs.org/bower not in flight; fetching
33 verbose get https://registry.npmjs.org/bower not expired, no request
34 silly cache afterAdd bower@1.7.7
35 verbose afterAdd /Users/dpopes/.npm/bower/1.7.7/package/package.json not in flight; writing
36 verbose afterAdd /Users/dpopes/.npm/bower/1.7.7/package/package.json written
37 silly install resolved [ { name: 'bower',
37 silly install resolved     version: '1.7.7',
37 silly install resolved     description: 'The browser package manager',
37 silly install resolved     author: { name: 'Twitter' },
37 silly install resolved     license: 'MIT',
37 silly install resolved     repository: { type: 'git', url: 'git+https://github.com/bower/bower.git' },
37 silly install resolved     main: 'lib',
37 silly install resolved     bin: { bower: 'bin/bower' },
37 silly install resolved     homepage: 'http://bower.io',
37 silly install resolved     engines: { node: '>=0.10.0' },
37 silly install resolved     keywords: [ 'bower' ],
37 silly install resolved     files: [ 'bin', 'lib' ],
37 silly install resolved     bugs: { url: 'https://github.com/bower/bower/issues' },
37 silly install resolved     _id: 'bower@1.7.7',
37 silly install resolved     scripts: {},
37 silly install resolved     _shasum: '2fd7ff3ebdcba5a8ffcd84c397c8fdfe9f825f92',
37 silly install resolved     _from: 'bower@1.7.7',
37 silly install resolved     _npmVersion: '3.5.3',
37 silly install resolved     _nodeVersion: '4.1.1',
37 silly install resolved     _npmUser: { name: 'sheerun', email: 'sheerun@sher.pl' },
37 silly install resolved     dist:
37 silly install resolved      { shasum: '2fd7ff3ebdcba5a8ffcd84c397c8fdfe9f825f92',
37 silly install resolved        tarball: 'http://registry.npmjs.org/bower/-/bower-1.7.7.tgz' },
37 silly install resolved     maintainers:
37 silly install resolved      [ [Object],
37 silly install resolved        [Object],
37 silly install resolved        [Object],
37 silly install resolved        [Object],
37 silly install resolved        [Object],
37 silly install resolved        [Object],
37 silly install resolved        [Object] ],
37 silly install resolved     directories: {},
37 silly install resolved     _resolved: 'https://registry.npmjs.org/bower/-/bower-1.7.7.tgz',
37 silly install resolved     readme: 'ERROR: No README data found!' } ]
38 info install bower@1.7.7 into /usr/local/lib
39 info installOne bower@1.7.7
40 verbose installOne of bower to /usr/local/lib not in flight; installing
41 verbose lock using /Users/dpopes/.npm/_locks/bower-e8debc5417026b57.lock for /usr/local/lib/node_modules/bower
42 silly install write writing bower 1.7.7 to /usr/local/lib/node_modules/bower
43 verbose unbuild lib/node_modules/bower
44 info preuninstall bower@1.4.0
45 info uninstall bower@1.4.0
46 verbose unbuild rmStuff bower@1.4.0 from /usr/local/lib/node_modules
47 silly gentlyRm /usr/local/bin/bower is being gently removed
48 silly gentlyRm verifying /usr/local is an npm working directory
49 silly gentlyRm containing path /usr/local is under npm's control, in /usr/local
50 silly gentlyRm deletion target /usr/local/bin/bower is under /usr/local
51 verbose gentlyRm vacuuming from /usr/local/bin/bower up to /usr/local
52 silly vacuum-fs removing /usr/local/bin/bower
53 verbose unlock done using /Users/dpopes/.npm/_locks/bower-e8debc5417026b57.lock for /usr/local/lib/node_modules/bower
54 verbose stack Error: EACCES: permission denied, unlink '/usr/local/bin/bower'
54 verbose stack     at Error (native)
55 verbose cwd /Applications/MAMP/htdocs/Bench/Grids/presentational/css-smart-grid/example
56 error Darwin 13.4.0
57 error argv "/usr/local/Cellar/node/4.2.1/bin/node" "/usr/local/bin/npm" "update" "-g" "bower"
58 error node v4.2.1
59 error npm  v2.14.7
60 error path /usr/local/bin/bower
61 error code EACCES
62 error errno -13
63 error syscall unlink
64 error Error: EACCES: permission denied, unlink '/usr/local/bin/bower'
64 error     at Error (native)
64 error  { [Error: EACCES: permission denied, unlink '/usr/local/bin/bower']
64 error   errno: -13,
64 error   code: 'EACCES',
64 error   syscall: 'unlink',
64 error   path: '/usr/local/bin/bower' }
65 error Please try running this command again as root/Administrator.
66 verbose exit [ -13, true ]
67 verbose unbuild lib/node_modules/bower
68 info preuninstall bower@1.4.0
69 info uninstall bower@1.4.0
70 verbose unbuild rmStuff bower@1.4.0 from /usr/local/lib/node_modules
71 silly gentlyRm /usr/local/bin/bower is being gently removed
72 silly gentlyRm verifying /usr/local is an npm working directory
73 silly gentlyRm containing path /usr/local is under npm's control, in /usr/local
74 silly gentlyRm deletion target /usr/local/bin/bower is under /usr/local
75 verbose gentlyRm vacuuming from /usr/local/bin/bower up to /usr/local
76 silly vacuum-fs removing /usr/local/bin/bower
77 error error rolling back Error: EACCES: permission denied, unlink '/usr/local/bin/bower'
77 error error rolling back     at Error (native)
77 error error rolling back  { [Error: EACCES: permission denied, unlink '/usr/local/bin/bower']
77 error error rolling back   errno: -13,
77 error error rolling back   code: 'EACCES',
77 error error rolling back   syscall: 'unlink',
77 error error rolling back   path: '/usr/local/bin/bower' }
